[debug] [2025-07-07T01:36:58.150Z] ----------------------------------------------------------------------
[debug] [2025-07-07T01:36:58.152Z] Command:       /nix/store/rbdrkcs5kkwpalxcd7c6bnm33lk2955n-nodejs-20.19.0/bin/node /nix/store/fprgfkwna33crhc86jqbf5878piivvgw-firebase-tools-14.7.0/lib/node_modules/firebase-tools/lib/bin/firebase.js deploy --only hosting
[debug] [2025-07-07T01:36:58.153Z] CLI Version:   14.7.0
[debug] [2025-07-07T01:36:58.153Z] Platform:      linux
[debug] [2025-07-07T01:36:58.153Z] Node Version:  v20.19.0
[debug] [2025-07-07T01:36:58.153Z] Time:          Mon Jul 07 2025 01:36:58 GMT+0000 (Coordinated Universal Time)
[debug] [2025-07-07T01:36:58.154Z] ----------------------------------------------------------------------
[debug] 
[debug] [2025-07-07T01:36:58.536Z] > command requires scopes: ["email","openid","https://www.googleapis.com/auth/cloudplatformprojects.readonly","https://www.googleapis.com/auth/firebase","https://www.googleapis.com/auth/cloud-platform"]
[debug] [2025-07-07T01:37:06.462Z] Running auto auth
[debug] [2025-07-07T01:37:06.486Z] [iam] checking project circlenw for permissions ["firebase.projects.get","firebasehosting.sites.update"]
[debug] [2025-07-07T01:37:06.489Z] No OAuth tokens found
[debug] [2025-07-07T01:37:06.491Z] >>> [apiv2][query] POST https://cloudresourcemanager.googleapis.com/v1/projects/circlenw:testIamPermissions [none]
[debug] [2025-07-07T01:37:06.491Z] >>> [apiv2][(partial)header] POST https://cloudresourcemanager.googleapis.com/v1/projects/circlenw:testIamPermissions x-goog-quota-user=projects/circlenw
[debug] [2025-07-07T01:37:06.491Z] >>> [apiv2][body] POST https://cloudresourcemanager.googleapis.com/v1/projects/circlenw:testIamPermissions {"permissions":["firebase.projects.get","firebasehosting.sites.update"]}
[debug] [2025-07-07T01:37:07.303Z] <<< [apiv2][status] POST https://cloudresourcemanager.googleapis.com/v1/projects/circlenw:testIamPermissions 200
[debug] [2025-07-07T01:37:07.304Z] <<< [apiv2][body] POST https://cloudresourcemanager.googleapis.com/v1/projects/circlenw:testIamPermissions {"permissions":["firebase.projects.get","firebasehosting.sites.update"]}
[debug] [2025-07-07T01:37:07.307Z] No OAuth tokens found
[debug] [2025-07-07T01:37:07.308Z] >>> [apiv2][query] GET https://firebase.googleapis.com/v1beta1/projects/circlenw [none]
[debug] [2025-07-07T01:37:07.588Z] <<< [apiv2][status] GET https://firebase.googleapis.com/v1beta1/projects/circlenw 200
[debug] [2025-07-07T01:37:07.588Z] <<< [apiv2][body] GET https://firebase.googleapis.com/v1beta1/projects/circlenw {"projectId":"circlenw","projectNumber":"492096991136","displayName":"circlenw","name":"projects/circlenw","resources":{"hostingSite":"circlenw"},"state":"ACTIVE","etag":"1_37f0228e-25d5-43cf-966b-2d30d8337f34"}
[info] 
   Thank you for trying our early preview of Next.js support on Firebase Hosting.
   During the preview, support is best-effort and breaking changes can be expected. Proceed with caution.
   The integration is known to work with Next.js version 12 - 15.0. You may encounter errors.

   Documentation: https://firebase.google.com/docs/hosting/frameworks/nextjs
   File a bug: https://github.com/firebase/firebase-tools/issues/new?template=bug_report.md
   Submit a feature request: https://github.com/firebase/firebase-tools/issues/new?template=feature_request.md

   We'd love to learn from you. Express your interest in helping us shape the future of Firebase Hosting: https://goo.gle/41enW5X

[debug] [2025-07-07T01:37:14.463Z] No OAuth tokens found
[debug] [2025-07-07T01:37:14.464Z] >>> [apiv2][query] GET https://firebasehosting.googleapis.com/v1beta1/projects/circlenw/sites/circlenw [none]
[debug] [2025-07-07T01:37:14.794Z] <<< [apiv2][status] GET https://firebasehosting.googleapis.com/v1beta1/projects/circlenw/sites/circlenw 200
[debug] [2025-07-07T01:37:14.795Z] <<< [apiv2][body] GET https://firebasehosting.googleapis.com/v1beta1/projects/circlenw/sites/circlenw {"name":"projects/circlenw/sites/circlenw","defaultUrl":"https://circlenw.web.app","type":"DEFAULT_SITE"}
